<?xml version="1.0" encoding="UTF-8"?>
<!-- Generated by org.testng.reporters.JUnitXMLReporter -->
<testsuite hostname="LAPTOP-6THEUBBE" name="Command line test" tests="6" failures="0" timestamp="29 Mar 2020 12:44:11 GMT" time="0.068" errors="0">
  <testcase name="iOSApps" time="0.011" classname="qaclickacademy.AppiumTest"/>
  <testcase name="nativeApps" time="0.0" classname="qaclickacademy.AppiumTest"/>
  <testcase name="deleteTwitter" time="0.003" classname="qaclickacademy.RESTAPITest"/>
  <testcase name="postJira" time="0.001" classname="qaclickacademy.RESTAPITest"/>
  <testcase name="browserAutomation" time="0.0" classname="qaclickacademy.SeleniumTest"/>
  <testcase name="elementsUI" time="0.001" classname="qaclickacademy.SeleniumTest"/>
</testsuite> <!-- Command line test -->
