<?xml version="1.0" encoding="UTF-8"?>
<testng-results skipped="0" failed="0" total="6" passed="6">
  <reporter-output>
  </reporter-output>
  <suite name="Command line suite" duration-ms="68" started-at="2020-03-29T12:44:11Z" finished-at="2020-03-29T12:44:11Z">
    <groups>
    </groups>
    <test name="Command line test" duration-ms="68" started-at="2020-03-29T12:44:11Z" finished-at="2020-03-29T12:44:11Z">
      <class name="qaclickacademy.AppiumTest">
        <test-method status="PASS" signature="iOSApps()[pri:0, instance:qaclickacademy.AppiumTest@77b52d12]" name="iOSApps" duration-ms="11" started-at="2020-03-29T18:14:11Z" finished-at="2020-03-29T18:14:11Z">
          <reporter-output>
          </reporter-output>
        </test-method> <!-- iOSApps -->
        <test-method status="PASS" signature="nativeApps()[pri:0, instance:qaclickacademy.AppiumTest@77b52d12]" name="nativeApps" duration-ms="0" started-at="2020-03-29T18:14:11Z" finished-at="2020-03-29T18:14:11Z">
          <reporter-output>
          </reporter-output>
        </test-method> <!-- nativeApps -->
      </class> <!-- qaclickacademy.AppiumTest -->
      <class name="qaclickacademy.RESTAPITest">
        <test-method status="PASS" signature="deleteTwitter()[pri:0, instance:qaclickacademy.RESTAPITest@6be46e8f]" name="deleteTwitter" duration-ms="3" started-at="2020-03-29T18:14:11Z" finished-at="2020-03-29T18:14:11Z">
          <reporter-output>
          </reporter-output>
        </test-method> <!-- deleteTwitter -->
        <test-method status="PASS" signature="postJira()[pri:0, instance:qaclickacademy.RESTAPITest@6be46e8f]" name="postJira" duration-ms="1" started-at="2020-03-29T18:14:11Z" finished-at="2020-03-29T18:14:11Z">
          <reporter-output>
          </reporter-output>
        </test-method> <!-- postJira -->
      </class> <!-- qaclickacademy.RESTAPITest -->
      <class name="qaclickacademy.SeleniumTest">
        <test-method status="PASS" signature="browserAutomation()[pri:0, instance:qaclickacademy.SeleniumTest@3567135c]" name="browserAutomation" duration-ms="0" started-at="2020-03-29T18:14:11Z" finished-at="2020-03-29T18:14:11Z">
          <reporter-output>
          </reporter-output>
        </test-method> <!-- browserAutomation -->
        <test-method status="PASS" signature="elementsUI()[pri:0, instance:qaclickacademy.SeleniumTest@3567135c]" name="elementsUI" duration-ms="1" started-at="2020-03-29T18:14:11Z" finished-at="2020-03-29T18:14:11Z">
          <reporter-output>
          </reporter-output>
        </test-method> <!-- elementsUI -->
      </class> <!-- qaclickacademy.SeleniumTest -->
    </test> <!-- Command line test -->
  </suite> <!-- Command line suite -->
</testng-results>
